<?xml version="1.0" encoding="UTF-8"?>
<testsuite xmlns:xsi="http://www.w3.org/2001/XMLSchema-instance" xsi:noNamespaceSchemaLocation="https://maven.apache.org/surefire/maven-surefire-plugin/xsd/surefire-test-report.xsd" name="StepDefinitions.TestRunner" time="80.439" tests="3" errors="1" skipped="0" failures="0">
  <properties>
[...]
</properties>
  <testcase name="Validate J. P. Morgan logo is displayed on homepage #1" classname="This feature is to test J. P. Morgan home page" time="25.341"/>
  <testcase name="Validate J. P. Morgan logo is displayed on homepage #2" classname="This feature is to test J. P. Morgan home page" time="20.514"/>
  <testcase name="Validate J. P. Morgan logo is displayed on homepage #3" classname="This feature is to test J. P. Morgan home page" time="30.955">
    <error message="timeout: Timed out receiving message from renderer: 20.000&#10;  (Session info: chrome=87.0.4280.66)&#10;Build info: version: &apos;4.0.0-alpha-7&apos;, revision: &apos;de8579b6d5&apos;&#10;System info: host: &apos;HP&apos;, ip: &apos;192.168.29.45&apos;, os.name: &apos;Windows 10&apos;, os.arch: &apos;amd64&apos;, os.version: &apos;10.0&apos;, java.version: &apos;1.8.0_112&apos;&#10;Driver info: org.openqa.selenium.chrome.ChromeDriver&#10;Capabilities {acceptInsecureCerts: false, browserName: chrome, browserVersion: 87.0.4280.66, chrome: {chromedriverVersion: 87.0.4280.20 (c99e81631faa0..., userDataDir: C:\Users\karteek\AppData\Lo...}, goog:chromeOptions: {debuggerAddress: localhost:60495}, javascriptEnabled: true, networkConnectionEnabled: false, pageLoadStrategy: normal, platform: WINDOWS, platformName: WINDOWS, proxy: Proxy(), setWindowRect: true, strictFileInteractability: false, timeouts: {implicit: 0, pageLoad: 300000, script: 30000}, unhandledPromptBehavior: dismiss and notify, webauthn:virtualAuthenticators: true}&#10;Session ID: 3b390c1c72b9bf094898c979ba464205" type="org.openqa.selenium.TimeoutException">org.openqa.selenium.TimeoutException: 
timeout: Timed out receiving message from renderer: 20.000
  (Session info: chrome=87.0.4280.66)
Build info: version: '4.0.0-alpha-7', revision: 'de8579b6d5'
System info: host: 'HP', ip: '192.168.29.45', os.name: 'Windows 10', os.arch: 'amd64', os.version: '10.0', java.version: '1.8.0_112'
Driver info: org.openqa.selenium.chrome.ChromeDriver
Capabilities {acceptInsecureCerts: false, browserName: chrome, browserVersion: 87.0.4280.66, chrome: {chromedriverVersion: 87.0.4280.20 (c99e81631faa0..., userDataDir: C:\Users\karteek\AppData\Lo...}, goog:chromeOptions: {debuggerAddress: localhost:60495}, javascriptEnabled: true, networkConnectionEnabled: false, pageLoadStrategy: normal, platform: WINDOWS, platformName: WINDOWS, proxy: Proxy(), setWindowRect: true, strictFileInteractability: false, timeouts: {implicit: 0, pageLoad: 300000, script: 30000}, unhandledPromptBehavior: dismiss and notify, webauthn:virtualAuthenticators: true}
Session ID: 3b390c1c72b9bf094898c979ba464205
</error>
    <system-out><![CDATA[
@SmokeTest @LogoValidation
Scenario Outline: Validate J. P. Morgan logo is displayed on homepage &amp#27;[90m# src/test/resources/Features/homepage.feature:20&amp#27;[0m
  &amp#27;[32mGiven &amp#27;[0m&amp#27;[32mBrowser is open&amp#27;[0m                                               &amp#27;[90m# StepDefinitions.HomePageSteps.browser_is_open()&amp#27;[0m
  &amp#27;[32mGiven &amp#27;[0m&amp#27;[32muser is on google search page&amp#27;[0m                                 &amp#27;[90m# StepDefinitions.HomePageSteps.user_is_on_google_search_page()&amp#27;[0m
  &amp#27;[32mWhen &amp#27;[0m&amp#27;[32muser enters &amp#27;[0m&amp#27;[32m&amp#27;[1mJPMorgan&amp#27;[0m&amp#27;[32m in Search Box and hits enter&amp#27;[0m              &amp#27;[90m# StepDefinitions.HomePageSteps.user_enters_in_search_box_and_hits_enter(java.lang.String)&amp#27;[0m
  &amp#27;[31mAnd &amp#27;[0m&amp#27;[31muser clicks the first result returned by google&amp#27;[0m                 &amp#27;[90m# StepDefinitions.HomePageSteps.user_clicks_the_first_result_returned_by_google()&amp#27;[0m
      &amp#27;[31morg.openqa.selenium.TimeoutException: timeout: Timed out receiving message from renderer: 20.000
  (Session info: chrome=87.0.4280.66)
Build info: version: '4.0.0-alpha-7', revision: 'de8579b6d5'
System info: host: 'HP', ip: '192.168.29.45', os.name: 'Windows 10', os.arch: 'amd64', os.version: '10.0', java.version: '1.8.0_112'
Driver info: org.openqa.selenium.chrome.ChromeDriver
Capabilities {acceptInsecureCerts: false, browserName: chrome, browserVersion: 87.0.4280.66, chrome: {chromedriverVersion: 87.0.4280.20 (c99e81631faa0..., userDataDir: C:\Users\karteek\AppData\Lo...}, goog:chromeOptions: {debuggerAddress: localhost:60495}, javascriptEnabled: true, networkConnectionEnabled: false, pageLoadStrategy: normal, platform: WINDOWS, platformName: WINDOWS, proxy: Proxy(), setWindowRect: true, strictFileInteractability: false, timeouts: {implicit: 0, pageLoad: 300000, script: 30000}, unhandledPromptBehavior: dismiss and notify, webauthn:virtualAuthenticators: true}
Session ID: 3b390c1c72b9bf094898c979ba464205
	at sun.reflect.NativeConstructorAccessorImpl.newInstance0(Native Method)
	at sun.reflect.NativeConstructorAccessorImpl.newInstance(NativeConstructorAccessorImpl.java:62)
	at sun.reflect.DelegatingConstructorAccessorImpl.newInstance(DelegatingConstructorAccessorImpl.java:45)
	at java.lang.reflect.Constructor.newInstance(Constructor.java:423)
	at org.openqa.selenium.remote.codec.w3c.W3CHttpResponseCodec.createException(W3CHttpResponseCodec.java:196)
	at org.openqa.selenium.remote.codec.w3c.W3CHttpResponseCodec.decode(W3CHttpResponseCodec.java:129)
	at org.openqa.selenium.remote.codec.w3c.W3CHttpResponseCodec.decode(W3CHttpResponseCodec.java:53)
	at org.openqa.selenium.remote.HttpCommandExecutor.execute(HttpCommandExecutor.java:167)
	at org.openqa.selenium.remote.service.DriverCommandExecutor.execute(DriverCommandExecutor.java:123)
	at org.openqa.selenium.remote.RemoteWebDriver.execute(RemoteWebDriver.java:501)
	at org.openqa.selenium.remote.RemoteWebElement.execute(RemoteWebElement.java:238)
	at org.openqa.selenium.remote.RemoteWebElement.click(RemoteWebElement.java:79)
	at Pages.SearchResultsPage.clickFirstLink(SearchResultsPage.java:27)
	at StepDefinitions.HomePageSteps.user_clicks_the_first_result_returned_by_google(HomePageSteps.java:51)
	at âœ½.user clicks the first result returned by google(file:///C:/Users/karteek/eclipse-workspace/BDDScenarios/src/test/resources/Features/homepage.feature:13)
&amp#27;[0m
  &amp#27;[36mThen &amp#27;[0m&amp#27;[36mcheck J. P. Morgan logo availability in the homepage&amp#27;[0m           &amp#27;[90m# StepDefinitions.HomePageSteps.check_j_p_morgan_logo_availability_in_the_homepage()&amp#27;[0m
]]></system-out>
    <system-err><![CDATA[Starting ChromeDriver 87.0.4280.20 (c99e81631faa0b2a448e658c0dbd8311fb04ddbd-refs/branch-heads/4280@{#355}) on port 34398
Only local connections are allowed.
Please see https://chromedriver.chromium.org/security-considerations for suggestions on keeping ChromeDriver safe.
ChromeDriver was started successfully.
Nov 27, 2020 10:56:36 AM org.openqa.selenium.remote.ProtocolHandshake createSession
INFO: Detected dialect: W3C
Nov 27, 2020 10:56:36 AM org.openqa.selenium.devtools.CdpVersionFinder findNearestMatch
WARNING: Unable to find an exact match for CDP version 87, so returning the closest version found: 86
Nov 27, 2020 10:56:36 AM org.openqa.selenium.devtools.CdpVersionFinder findNearestMatch
INFO: Found CDP implementation for version 87 of 86
[1606454822.813][SEVERE]: Timed out receiving message from renderer: 20.000
[1606454822.816][SEVERE]: Timed out receiving message from renderer: 20.000
]]></system-err>
  </testcase>
</testsuite>